<?xml version="1.0" encoding="UTF-8"?>
<testsuite xmlns:xsi="http://www.w3.org/2001/XMLSchema-instance" xsi:noNamespaceSchemaLocation="https://maven.apache.org/surefire/maven-surefire-plugin/xsd/surefire-test-report-3.0.xsd" version="3.0" name="com.club.ChatMessageIntegrationTest" time="19.745" tests="3" errors="0" skipped="0" failures="0">
  <properties>
[...]
</properties>
  <testcase name="saveBroadcastMessage_persistsDeletedFalse" classname="com.club.ChatMessageIntegrationTest" time="1.165">
    <system-out><![CDATA[00:26:48.451 [main] INFO org.springframework.test.context.support.AnnotationConfigContextLoaderUtils -- Could not detect default configuration classes for test class [com.club.ChatMessageIntegrationTest]: ChatMessageIntegrationTest does not declare any static, non-private, non-final, nested classes annotated with @Configuration.
00:26:48.664 [main] INFO org.springframework.boot.test.context.SpringBootTestContextBootstrapper -- Found @SpringBootConfiguration com.club.ClubBackendApplication for test class com.club.ChatMessageIntegrationTest

  .   ____          _            __ _ _
 /\\ / ___'_ __ _ _(_)_ __  __ _ \ \ \ \
( ( )\___ | '_ | '_| | '_ \/ _` | \ \ \ \
 \\/  ___)| |_)| | | | | || (_| |  ) ) ) )
  '  |____| .__|_| |_|_| |_\__, | / / / /
 =========|_|==============|___/=/_/_/_/
 :: Spring Boot ::                (v3.2.0)

2026-05-21T00:26:49.876+01:00  INFO 8264 --- [           main] com.club.ChatMessageIntegrationTest      : Starting ChatMessageIntegrationTest using Java 25.0.1 with PID 8264 (started by pcc in C:\xampp\htdocs\foot_club-main_18\foot_club-main\club-foot-app-main\backend)
2026-05-21T00:26:49.878+01:00  INFO 8264 --- [           main] com.club.ChatMessageIntegrationTest      : No active profile set, falling back to 1 default profile: "default"
2026-05-21T00:26:52.309+01:00  INFO 8264 --- [           main] .s.d.r.c.RepositoryConfigurationDelegate : Bootstrapping Spring Data JPA repositories in DEFAULT mode.
2026-05-21T00:26:52.614+01:00  INFO 8264 --- [           main] .s.d.r.c.RepositoryConfigurationDelegate : Finished Spring Data repository scanning in 277 ms. Found 12 JPA repository interfaces.
2026-05-21T00:26:54.126+01:00  INFO 8264 --- [           main] o.hibernate.jpa.internal.util.LogHelper  : HHH000204: Processing PersistenceUnitInfo [name: default]
2026-05-21T00:26:54.353+01:00  INFO 8264 --- [           main] org.hibernate.Version                    : HHH000412: Hibernate ORM core version 6.3.1.Final
2026-05-21T00:26:54.499+01:00  INFO 8264 --- [           main] o.h.c.internal.RegionFactoryInitiator    : HHH000026: Second-level cache disabled
2026-05-21T00:26:55.382+01:00  INFO 8264 --- [           main] o.s.o.j.p.SpringPersistenceUnitInfo      : No LoadTimeWeaver setup: ignoring JPA class transformer
2026-05-21T00:26:55.456+01:00  INFO 8264 --- [           main] com.zaxxer.hikari.HikariDataSource       : HikariPool-1 - Starting...
2026-05-21T00:26:55.912+01:00  INFO 8264 --- [           main] com.zaxxer.hikari.pool.HikariPool        : HikariPool-1 - Added connection com.mysql.cj.jdbc.ConnectionImpl@15ac02d5
2026-05-21T00:26:55.917+01:00  INFO 8264 --- [           main] com.zaxxer.hikari.HikariDataSource       : HikariPool-1 - Start completed.
2026-05-21T00:26:56.035+01:00  WARN 8264 --- [           main] org.hibernate.dialect.Dialect            : HHH000511: The 5.5.0 version for [org.hibernate.dialect.MySQLDialect] is no longer supported, hence certain features may not work properly. The minimum supported version is 5.7.0. Check the community dialects project for available legacy versions.
2026-05-21T00:26:56.051+01:00  WARN 8264 --- [           main] org.hibernate.orm.deprecation            : HHH90000025: MySQLDialect does not need to be specified explicitly using 'hibernate.dialect' (remove the property setting and it will be selected by default)
2026-05-21T00:26:59.506+01:00  INFO 8264 --- [           main] o.h.e.t.j.p.i.JtaPlatformInitiator       : HHH000489: No JTA platform available (set 'hibernate.transaction.jta.platform' to enable JTA platform integration)
2026-05-21T00:26:59.822+01:00  INFO 8264 --- [           main] j.LocalContainerEntityManagerFactoryBean : Initialized JPA EntityManagerFactory for persistence unit 'default'
2026-05-21T00:27:01.506+01:00  INFO 8264 --- [           main] o.s.d.j.r.query.QueryEnhancerFactory     : Hibernate is in classpath; If applicable, HQL parser will be used.
2026-05-21T00:27:04.092+01:00  WARN 8264 --- [           main] JpaBaseConfiguration$JpaWebConfiguration : spring.jpa.open-in-view is enabled by default. Therefore, database queries may be performed during view rendering. Explicitly configure spring.jpa.open-in-view to disable this warning
2026-05-21T00:27:06.165+01:00  INFO 8264 --- [           main] o.s.m.s.b.SimpleBrokerMessageHandler     : Starting...
2026-05-21T00:27:06.167+01:00  INFO 8264 --- [           main] o.s.m.s.b.SimpleBrokerMessageHandler     : BrokerAvailabilityEvent[available=true, SimpleBrokerMessageHandler [org.springframework.messaging.simp.broker.DefaultSubscriptionRegistry@401038b1]]
2026-05-21T00:27:06.171+01:00  INFO 8264 --- [           main] o.s.m.s.b.SimpleBrokerMessageHandler     : Started.
2026-05-21T00:27:06.191+01:00  INFO 8264 --- [           main] com.club.ChatMessageIntegrationTest      : Started ChatMessageIntegrationTest in 16.781 seconds (process running for 19.236)
Hibernate: 
    select
        u1_0.id,
        u1_0.account_status,
        u1_0.actif,
        u1_0.activation_token,
        u1_0.adresse,
        u1_0.date_inscription,
        u1_0.date_naissance,
        u1_0.derniere_connexion,
        u1_0.email,
        u1_0.equipe_id,
        u1_0.nom,
        u1_0.password,
        u1_0.photo,
        u1_0.poste,
        u1_0.prenom,
        u1_0.registration_status,
        u1_0.role,
        u1_0.telephone 
    from
        users u1_0
Hibernate: 
    select
        count(*) 
    from
        document_type_config dtc1_0
Hibernate: 
    select
        count(*) 
    from
        users u1_0
Hibernate: 
    select
        count(*) 
    from
        users u1_0
Database already initialized with 31 users.
Hibernate: 
    select
        u1_0.id,
        u1_0.account_status,
        u1_0.actif,
        u1_0.activation_token,
        u1_0.adresse,
        u1_0.date_inscription,
        u1_0.date_naissance,
        u1_0.derniere_connexion,
        u1_0.email,
        u1_0.equipe_id,
        u1_0.nom,
        u1_0.password,
        u1_0.photo,
        u1_0.poste,
        u1_0.prenom,
        u1_0.registration_status,
        u1_0.role,
        u1_0.telephone 
    from
        users u1_0 
    where
        u1_0.email=?
Hibernate: 
    insert 
    into
        chat_messages
        (attachment_content_type, attachment_name, attachment_size, attachment_url, content, deleted, recipient_id, recipient_role, sender_id, equipe_id, timestamp, type) 
    values
        (?, ?, ?, ?, ?, ?, ?, ?, ?, ?, ?, ?)
Hibernate: 
    select
        cm1_0.id,
        cm1_0.attachment_content_type,
        cm1_0.attachment_name,
        cm1_0.attachment_size,
        cm1_0.attachment_url,
        cm1_0.content,
        cm1_0.deleted,
        cm1_0.recipient_id,
        cm1_0.recipient_role,
        cm1_0.sender_id,
        s1_0.id,
        s1_0.account_status,
        s1_0.actif,
        s1_0.activation_token,
        s1_0.adresse,
        s1_0.date_inscription,
        s1_0.date_naissance,
        s1_0.derniere_connexion,
        s1_0.email,
        s1_0.equipe_id,
        s1_0.nom,
        s1_0.password,
        s1_0.photo,
        s1_0.poste,
        s1_0.prenom,
        s1_0.registration_status,
        s1_0.role,
        s1_0.telephone,
        t1_0.id,
        t1_0.active,
        t1_0.categorie,
        t1_0.description,
        e1_0.id,
        e1_0.account_status,
        e1_0.actif,
        e1_0.activation_token,
        e1_0.adresse,
        e1_0.date_inscription,
        e1_0.date_naissance,
        e1_0.derniere_connexion,
        e1_0.email,
        e1_0.equipe_id,
        e1_0.nom,
        e1_0.password,
        e1_0.photo,
        e1_0.poste,
        e1_0.prenom,
        e1_0.registration_status,
        e1_0.role,
        e1_0.telephone,
        t1_0.nom,
        cm1_0.timestamp,
        cm1_0.type 
    from
        chat_messages cm1_0 
    join
        users s1_0 
            on s1_0.id=cm1_0.sender_id 
    left join
        equipes t1_0 
            on t1_0.id=cm1_0.equipe_id 
    left join
        users e1_0 
            on e1_0.id=t1_0.encadrant_id 
    where
        cm1_0.id=?
Hibernate: 
    delete 
    from
        chat_messages 
    where
        id=?
]]></system-out>
    <system-err><![CDATA[WARNING: A Java agent has been loaded dynamically (C:\Users\pcc\.m2\repository\net\bytebuddy\byte-buddy-agent\1.14.10\byte-buddy-agent-1.14.10.jar)
WARNING: If a serviceability tool is in use, please run with -XX:+EnableDynamicAgentLoading to hide this warning
WARNING: If a serviceability tool is not in use, please run with -Djdk.instrument.traceUsage for more information
WARNING: Dynamic loading of agents will be disallowed by default in a future release
]]></system-err>
  </testcase>
  <testcase name="savePrivateMessage_persistsDeletedFalse" classname="com.club.ChatMessageIntegrationTest" time="0.055">
    <system-out><![CDATA[Hibernate: 
    select
        u1_0.id,
        u1_0.account_status,
        u1_0.actif,
        u1_0.activation_token,
        u1_0.adresse,
        u1_0.date_inscription,
        u1_0.date_naissance,
        u1_0.derniere_connexion,
        u1_0.email,
        u1_0.equipe_id,
        u1_0.nom,
        u1_0.password,
        u1_0.photo,
        u1_0.poste,
        u1_0.prenom,
        u1_0.registration_status,
        u1_0.role,
        u1_0.telephone 
    from
        users u1_0 
    where
        u1_0.email=?
Hibernate: 
    select
        u1_0.id,
        u1_0.account_status,
        u1_0.actif,
        u1_0.activation_token,
        u1_0.adresse,
        u1_0.date_inscription,
        u1_0.date_naissance,
        u1_0.derniere_connexion,
        u1_0.email,
        u1_0.equipe_id,
        u1_0.nom,
        u1_0.password,
        u1_0.photo,
        u1_0.poste,
        u1_0.prenom,
        u1_0.registration_status,
        u1_0.role,
        u1_0.telephone 
    from
        users u1_0 
    where
        u1_0.id=?
Hibernate: 
    insert 
    into
        chat_messages
        (attachment_content_type, attachment_name, attachment_size, attachment_url, content, deleted, recipient_id, recipient_role, sender_id, equipe_id, timestamp, type) 
    values
        (?, ?, ?, ?, ?, ?, ?, ?, ?, ?, ?, ?)
Hibernate: 
    select
        cm1_0.id,
        cm1_0.attachment_content_type,
        cm1_0.attachment_name,
        cm1_0.attachment_size,
        cm1_0.attachment_url,
        cm1_0.content,
        cm1_0.deleted,
        cm1_0.recipient_id,
        cm1_0.recipient_role,
        cm1_0.sender_id,
        s1_0.id,
        s1_0.account_status,
        s1_0.actif,
        s1_0.activation_token,
        s1_0.adresse,
        s1_0.date_inscription,
        s1_0.date_naissance,
        s1_0.derniere_connexion,
        s1_0.email,
        s1_0.equipe_id,
        s1_0.nom,
        s1_0.password,
        s1_0.photo,
        s1_0.poste,
        s1_0.prenom,
        s1_0.registration_status,
        s1_0.role,
        s1_0.telephone,
        t1_0.id,
        t1_0.active,
        t1_0.categorie,
        t1_0.description,
        e1_0.id,
        e1_0.account_status,
        e1_0.actif,
        e1_0.activation_token,
        e1_0.adresse,
        e1_0.date_inscription,
        e1_0.date_naissance,
        e1_0.derniere_connexion,
        e1_0.email,
        e1_0.equipe_id,
        e1_0.nom,
        e1_0.password,
        e1_0.photo,
        e1_0.poste,
        e1_0.prenom,
        e1_0.registration_status,
        e1_0.role,
        e1_0.telephone,
        t1_0.nom,
        cm1_0.timestamp,
        cm1_0.type 
    from
        chat_messages cm1_0 
    join
        users s1_0 
            on s1_0.id=cm1_0.sender_id 
    left join
        equipes t1_0 
            on t1_0.id=cm1_0.equipe_id 
    left join
        users e1_0 
            on e1_0.id=t1_0.encadrant_id 
    where
        cm1_0.id=?
Hibernate: 
    delete 
    from
        chat_messages 
    where
        id=?
]]></system-out>
  </testcase>
  <testcase name="saveGroupMessage_persistsDeletedFalse" classname="com.club.ChatMessageIntegrationTest" time="0.049">
    <system-out><![CDATA[Hibernate: 
    select
        u1_0.id,
        u1_0.account_status,
        u1_0.actif,
        u1_0.activation_token,
        u1_0.adresse,
        u1_0.date_inscription,
        u1_0.date_naissance,
        u1_0.derniere_connexion,
        u1_0.email,
        u1_0.equipe_id,
        u1_0.nom,
        u1_0.password,
        u1_0.photo,
        u1_0.poste,
        u1_0.prenom,
        u1_0.registration_status,
        u1_0.role,
        u1_0.telephone 
    from
        users u1_0 
    where
        u1_0.email=?
Hibernate: 
    insert 
    into
        chat_messages
        (attachment_content_type, attachment_name, attachment_size, attachment_url, content, deleted, recipient_id, recipient_role, sender_id, equipe_id, timestamp, type) 
    values
        (?, ?, ?, ?, ?, ?, ?, ?, ?, ?, ?, ?)
Hibernate: 
    select
        cm1_0.id,
        cm1_0.attachment_content_type,
        cm1_0.attachment_name,
        cm1_0.attachment_size,
        cm1_0.attachment_url,
        cm1_0.content,
        cm1_0.deleted,
        cm1_0.recipient_id,
        cm1_0.recipient_role,
        cm1_0.sender_id,
        s1_0.id,
        s1_0.account_status,
        s1_0.actif,
        s1_0.activation_token,
        s1_0.adresse,
        s1_0.date_inscription,
        s1_0.date_naissance,
        s1_0.derniere_connexion,
        s1_0.email,
        s1_0.equipe_id,
        s1_0.nom,
        s1_0.password,
        s1_0.photo,
        s1_0.poste,
        s1_0.prenom,
        s1_0.registration_status,
        s1_0.role,
        s1_0.telephone,
        t1_0.id,
        t1_0.active,
        t1_0.categorie,
        t1_0.description,
        e1_0.id,
        e1_0.account_status,
        e1_0.actif,
        e1_0.activation_token,
        e1_0.adresse,
        e1_0.date_inscription,
        e1_0.date_naissance,
        e1_0.derniere_connexion,
        e1_0.email,
        e1_0.equipe_id,
        e1_0.nom,
        e1_0.password,
        e1_0.photo,
        e1_0.poste,
        e1_0.prenom,
        e1_0.registration_status,
        e1_0.role,
        e1_0.telephone,
        t1_0.nom,
        cm1_0.timestamp,
        cm1_0.type 
    from
        chat_messages cm1_0 
    join
        users s1_0 
            on s1_0.id=cm1_0.sender_id 
    left join
        equipes t1_0 
            on t1_0.id=cm1_0.equipe_id 
    left join
        users e1_0 
            on e1_0.id=t1_0.encadrant_id 
    where
        cm1_0.id=?
Hibernate: 
    delete 
    from
        chat_messages 
    where
        id=?
]]></system-out>
  </testcase>
</testsuite>